Found Platform
Platform Name: Xilinx
XCLBIN File Name: krnl_canny
INFO: Importing ../krnl_canny.xclbin
Loading: '../krnl_canny.xclbin'
before kernel - cannyafter kernel - canny7016.33ms
before kernel - edge tracing
before allocate - edge tracing

before kernel call - edge tracing

after kernel call - edge tracing
after kernel - edge tracing
 Profiling edge tracing 100712ms
Minimum error in intensity = 0.000000
 Maximum error in intensity = 255.000000
 Percentage of pixels above error threshold = 0.052643
No of Pixels with Error = 138
kernel done - edge tracingbefore kernel - houghlinesbefore enqueueWriteBuffer - houghlinesbefore enqueueTask - hough transformafter enqueueTask - hough transform
 Profiling Hough Transform  169249ms
after finish - hough transform
 FLOATING POINT Reference Hough Transform code finished >>>> 
